[debug] [2025-07-07T19:04:13.634Z] ----------------------------------------------------------------------
[debug] [2025-07-07T19:04:13.637Z] Command:       C:\Program Files\nodejs\node.exe C:\Users\User\AppData\Roaming\npm\node_modules\firebase-tools\lib\bin\firebase.js init
[debug] [2025-07-07T19:04:13.637Z] CLI Version:   14.9.0
[debug] [2025-07-07T19:04:13.637Z] Platform:      win32
[debug] [2025-07-07T19:04:13.637Z] Node Version:  v22.12.0
[debug] [2025-07-07T19:04:13.637Z] Time:          Tue Jul 08 2025 00:34:13 GMT+0530 (India Standard Time)
[debug] [2025-07-07T19:04:13.637Z] ----------------------------------------------------------------------
[debug] 
[debug] [2025-07-07T19:04:13.639Z] >>> [apiv2][query] GET https://firebase-public.firebaseio.com/cli.json [none]
[debug] [2025-07-07T19:04:13.681Z] > command requires scopes: ["email","openid","https://www.googleapis.com/auth/cloudplatformprojects.readonly","https://www.googleapis.com/auth/firebase","https://www.googleapis.com/auth/cloud-platform"]
[debug] [2025-07-07T19:04:13.681Z] > authorizing via signed-in user (pasindusadeep046@gmail.com)
[info] 
     ######## #### ########  ######## ########     ###     ######  ########
     ##        ##  ##     ## ##       ##     ##  ##   ##  ##       ##
     ######    ##  ########  ######   ########  #########  ######  ######
     ##        ##  ##    ##  ##       ##     ## ##     ##       ## ##
     ##       #### ##     ## ######## ########  ##     ##  ######  ########

You're about to initialize a Firebase project in this directory:

  E:\intern detz\project_3\country-api-react

[debug] [2025-07-07T19:04:14.316Z] <<< [apiv2][status] GET https://firebase-public.firebaseio.com/cli.json 200
[debug] [2025-07-07T19:04:14.317Z] <<< [apiv2][body] GET https://firebase-public.firebaseio.com/cli.json {"cloudBuildErrorAfter":1594252800000,"cloudBuildWarnAfter":1590019200000,"defaultNode10After":1594252800000,"minVersion":"3.0.5","node8DeploysDisabledAfter":1613390400000,"node8RuntimeDisabledAfter":1615809600000,"node8WarnAfter":1600128000000}
[info] 
=== Project Setup
[info] 
[info] First, let's associate this project directory with a Firebase project.
[info] You can create multiple project aliases by running firebase use --add, 
[info] but for now we'll just set up a default project.
[info] 
[debug] [2025-07-07T19:06:56.058Z] Checked if tokens are valid: false, expires at: 1750864675812
[debug] [2025-07-07T19:06:56.058Z] Checked if tokens are valid: false, expires at: 1750864675812
[debug] [2025-07-07T19:06:56.058Z] > refreshing access token with scopes: []
[debug] [2025-07-07T19:06:56.060Z] >>> [apiv2][query] POST https://www.googleapis.com/oauth2/v3/token [none]
[debug] [2025-07-07T19:06:56.060Z] >>> [apiv2][body] POST https://www.googleapis.com/oauth2/v3/token [omitted]
[debug] [2025-07-07T19:06:56.340Z] <<< [apiv2][status] POST https://www.googleapis.com/oauth2/v3/token 200
[debug] [2025-07-07T19:06:56.340Z] <<< [apiv2][body] POST https://www.googleapis.com/oauth2/v3/token [omitted]
[debug] [2025-07-07T19:06:56.347Z] >>> [apiv2][query] GET https://firebase.googleapis.com/v1beta1/projects pageSize=100
[debug] [2025-07-07T19:06:57.080Z] <<< [apiv2][status] GET https://firebase.googleapis.com/v1beta1/projects 200
[debug] [2025-07-07T19:06:57.080Z] <<< [apiv2][body] GET https://firebase.googleapis.com/v1beta1/projects [omitted]
[info] i  Using project rest-countries-react (REST Countries React) 
[info] 
=== Hosting Setup
[debug] [2025-07-07T19:07:02.814Z] Checked if tokens are valid: true, expires at: 1751918815340
[debug] [2025-07-07T19:07:02.814Z] Checked if tokens are valid: true, expires at: 1751918815340
[debug] [2025-07-07T19:07:02.814Z] >>> [apiv2][query] GET https://firebase.googleapis.com/v1beta1/projects/rest-countries-react [none]
[debug] [2025-07-07T19:07:03.499Z] <<< [apiv2][status] GET https://firebase.googleapis.com/v1beta1/projects/rest-countries-react 200
[debug] [2025-07-07T19:07:03.499Z] <<< [apiv2][body] GET https://firebase.googleapis.com/v1beta1/projects/rest-countries-react {"projectId":"rest-countries-react","projectNumber":"430287841596","displayName":"REST Countries React","name":"projects/rest-countries-react","resources":{"hostingSite":"rest-countries-react","realtimeDatabaseInstance":"rest-countries-react-default-rtdb"},"state":"ACTIVE","etag":"1_ee39ca46-d770-461b-96cc-383a089bebc1"}
[info] 
[info] Your public directory is the folder (relative to your project directory) that
[info] will contain Hosting assets to be uploaded with firebase deploy. If you
[info] have a build process for your assets, use your build's output directory.
[info] 
[debug] [2025-07-07T19:07:41.458Z] >>> [apiv2][query] GET https://www.gstatic.com/firebasejs/releases.json [none]
[debug] [2025-07-07T19:07:41.736Z] <<< [apiv2][status] GET https://www.gstatic.com/firebasejs/releases.json 200
[debug] [2025-07-07T19:07:41.736Z] <<< [apiv2][body] GET https://www.gstatic.com/firebasejs/releases.json {"current":{"version":"11.10.0","browserURL":"https://www.gstatic.com/firebasejs/11.10.0/firebase.js","packageURL":"https://www.gstatic.com/firebasejs/11.10.0/firebase.tgz"},"live":{"version":"11.10","browserURL":"https://www.gstatic.com/firebasejs/live/11.10/firebase.js","packageURL":"https://www.gstatic.com/firebasejs/live/11.10/firebase.tgz"},"components":{"ai":"https://www.gstatic.com/firebasejs/11.10.0/firebase-ai.js","analytics":"https://www.gstatic.com/firebasejs/11.10.0/firebase-analytics.js","app":"https://www.gstatic.com/firebasejs/11.10.0/firebase-app.js","app-check":"https://www.gstatic.com/firebasejs/11.10.0/firebase-app-check.js","auth":"https://www.gstatic.com/firebasejs/11.10.0/firebase-auth.js","auth/cordova":"https://www.gstatic.com/firebasejs/11.10.0/firebase-auth/cordova.js","auth/web-extension":"https://www.gstatic.com/firebasejs/11.10.0/firebase-auth/web-extension.js","functions":"https://www.gstatic.com/firebasejs/11.10.0/firebase-functions.js","firestore":"https://www.gstatic.com/firebasejs/11.10.0/firebase-firestore.js","firestore/lite":"https://www.gstatic.com/firebasejs/11.10.0/firebase-firestore/lite.js","installations":"https://www.gstatic.com/firebasejs/11.10.0/firebase-installations.js","storage":"https://www.gstatic.com/firebasejs/11.10.0/firebase-storage.js","performance":"https://www.gstatic.com/firebasejs/11.10.0/firebase-performance.js","remote-config":"https://www.gstatic.com/firebasejs/11.10.0/firebase-remote-config.js","messaging":"https://www.gstatic.com/firebasejs/11.10.0/firebase-messaging.js","messaging/sw":"https://www.gstatic.com/firebasejs/11.10.0/firebase-messaging/sw.js","database":"https://www.gstatic.com/firebasejs/11.10.0/firebase-database.js","vertexai":"https://www.gstatic.com/firebasejs/11.10.0/firebase-vertexai.js","data-connect":"https://www.gstatic.com/firebasejs/11.10.0/firebase-data-connect.js","firestore.memory":"https://www.gstatic.com/firebasejs/11.10.0/firebase-firestore.memory.js"}}
